<html>
<head>
<title>TestNG:  Bing Test</title>
<link href="../testng.css" rel="stylesheet" type="text/css" />
<link href="../my-testng.css" rel="stylesheet" type="text/css" />

<style type="text/css">
.log { display: none;} 
.stack-trace { display: none;} 
</style>
<script type="text/javascript">
<!--
function flip(e) {
  current = e.style.display;
  if (current == 'block') {
    e.style.display = 'none';
    return 0;
  }
  else {
    e.style.display = 'block';
    return 1;
  }
}

function toggleBox(szDivId, elem, msg1, msg2)
{
  var res = -1;  if (document.getElementById) {
    res = flip(document.getElementById(szDivId));
  }
  else if (document.all) {
    // this is the way old msie versions work
    res = flip(document.all[szDivId]);
  }
  if(elem) {
    if(res == 0) elem.innerHTML = msg1; else elem.innerHTML = msg2;
  }

}

function toggleAllBoxes() {
  if (document.getElementsByTagName) {
    d = document.getElementsByTagName('div');
    for (i = 0; i < d.length; i++) {
      if (d[i].className == 'log') {
        flip(d[i]);
      }
    }
  }
}

// -->
</script>

</head>
<body>
<h2 align='center'>Bing Test</h2><table border='1' align="center">
<tr>
<td>Tests passed/Failed/Skipped:</td><td>0/1/0</td>
</tr><tr>
<td>Started on:</td><td>Thu Jul 13 08:50:08 IST 2017</td>
</tr>
<tr><td>Total time:</td><td>9 seconds (9193 ms)</td>
</tr><tr>
<td>Included groups:</td><td></td>
</tr><tr>
<td>Excluded groups:</td><td></td>
</tr>
</table><p/>
<small><i>(Hover the method name to see the test class name)</i></small><p/>
<table width='100%' border='1' class='invocation-failed'>
<tr><td colspan='4' align='center'><b>FAILED TESTS</b></td></tr>
<tr><td><b>Test method</b></td>
<td width="30%"><b>Exception</b></td>
<td width="10%"><b>Time (seconds)</b></td>
<td><b>Instance</b></td>
</tr>
<tr>
<td title='com.org.hybrid.testcases.BingTest.bingSearch()'><b>bingSearch</b><br>Test class: com.org.hybrid.testcases.BingTest<br>Parameters: {searchQuery=SpiderMan, Runmode=Y, browserName=Mozilla, title=Bing, menu=Web,Images,Videos,Maps,News,My saves}</td>
<td><div><pre>java.lang.AssertionError: &gt;&gt;&gt; Filure in getting the Driver &quot;Elements&quot;:  [FFFbingSearchBt_xpath] &lt;&lt;&lt;Exception From By_identifierType method because of the identifier: [FFFbingSearchBt_xpath] Exception: Cannot find elements when the XPath expression is null.
	at com.org.hybrid.GenericKeywords.reportFail(GenericKeywords.java:194)
	at com.org.hybrid.GenericKeywords.getDriverElements(GenericKeywords.java:128)
	at com.org.hybrid.GenericKeywords.isElelementPresent(GenericKeywords.java:245)
	at com.org.hybrid.GenericKeywords.verifyElementPresent(GenericKeywords.java:290)
	at com.org.hybrid.Keywords.executeKeywords(Keywords.java:75)
	at com.org.hybrid.testcases.BingTest.bingSearch(BingTest.java:35)
... Removed 26 stack frames</pre></div><a href='#' onClick='toggleBox("stack-trace1555990397", this, "Click to show all stack frames", "Click to hide stack frames")'>Click to show all stack frames</a>
<div class='stack-trace' id='stack-trace1555990397'><pre>java.lang.AssertionError: &gt;&gt;&gt; Filure in getting the Driver &quot;Elements&quot;:  [FFFbingSearchBt_xpath] &lt;&lt;&lt;Exception From By_identifierType method because of the identifier: [FFFbingSearchBt_xpath] Exception: Cannot find elements when the XPath expression is null.
	at org.testng.Assert.fail(Assert.java:94)
	at com.org.hybrid.GenericKeywords.reportFail(GenericKeywords.java:194)
	at com.org.hybrid.GenericKeywords.getDriverElements(GenericKeywords.java:128)
	at com.org.hybrid.GenericKeywords.isElelementPresent(GenericKeywords.java:245)
	at com.org.hybrid.GenericKeywords.verifyElementPresent(GenericKeywords.java:290)
	at com.org.hybrid.Keywords.executeKeywords(Keywords.java:75)
	at com.org.hybrid.testcases.BingTest.bingSearch(BingTest.java:35)
	at sun.reflect.NativeMethodAccessorImpl.invoke0(Native Method)
	at sun.reflect.NativeMethodAccessorImpl.invoke(Unknown Source)
	at sun.reflect.DelegatingMethodAccessorImpl.invoke(Unknown Source)
	at java.lang.reflect.Method.invoke(Unknown Source)
	at org.testng.internal.MethodInvocationHelper.invokeMethod(MethodInvocationHelper.java:84)
	at org.testng.internal.Invoker.invokeMethod(Invoker.java:714)
	at org.testng.internal.Invoker.invokeTestMethod(Invoker.java:901)
	at org.testng.internal.Invoker.invokeTestMethods(Invoker.java:1231)
	at org.testng.internal.TestMethodWorker.invokeTestMethods(TestMethodWorker.java:127)
	at org.testng.internal.TestMethodWorker.run(TestMethodWorker.java:111)
	at org.testng.TestRunner.privateRun(TestRunner.java:767)
	at org.testng.TestRunner.run(TestRunner.java:617)
	at org.testng.SuiteRunner.runTest(SuiteRunner.java:334)
	at org.testng.SuiteRunner.runSequentially(SuiteRunner.java:329)
	at org.testng.SuiteRunner.privateRun(SuiteRunner.java:291)
	at org.testng.SuiteRunner.run(SuiteRunner.java:240)
	at org.testng.SuiteRunnerWorker.runSuite(SuiteRunnerWorker.java:52)
	at org.testng.SuiteRunnerWorker.run(SuiteRunnerWorker.java:86)
	at org.testng.TestNG.runSuitesSequentially(TestNG.java:1224)
	at org.testng.TestNG.runSuitesSequentially(TestNG.java:1220)
	at org.testng.TestNG.runSuitesLocally(TestNG.java:1149)
	at org.testng.TestNG.run(TestNG.java:1057)
	at org.testng.remote.RemoteTestNG.run(RemoteTestNG.java:111)
	at org.testng.remote.RemoteTestNG.initAndRun(RemoteTestNG.java:204)
	at org.testng.remote.RemoteTestNG.main(RemoteTestNG.java:175)
</pre></div></td>
<td>8</td>
<td>com.org.hybrid.testcases.BingTest@1190200a</td></tr>
</table><p>
</body>
</html>