<?xml version="1.0" encoding="UTF-8"?>
<!-- Generated by org.testng.reporters.JUnitReportReporter -->
<testsuite hostname="Sunil" name="com.org.hybrid.testcases.GoogleTest" tests="5" failures="0" timestamp="14 Jul 2017 01:51:16 GMT" time="24.931" errors="1">
  <testcase name="googleSearch" time="8.138" classname="com.org.hybrid.testcases.GoogleTest"/>
  <testcase name="googleSearch" time="9.065" classname="com.org.hybrid.testcases.GoogleTest"/>
  <testcase name="googleSearch" time="0.001" classname="com.org.hybrid.testcases.GoogleTest"/>
  <testcase name="googleSearch" time="0.001" classname="com.org.hybrid.testcases.GoogleTest"/>
  <testcase name="googleSearch" time="7.726" classname="com.org.hybrid.testcases.GoogleTest">
    <error type="java.lang.AssertionError" message="&gt;&gt;&gt;&gt; Execption from Click &gt;&gt;&gt;&gt; 
Build info: version: &#039;3.4.0&#039;, revision: &#039;unknown&#039;, time: &#039;unknown&#039;
System info: host: &#039;SUNIL&#039;, ip: &#039;192.168.56.1&#039;, os.name: &#039;Windows 10&#039;, os.arch: &#039;amd64&#039;, os.version: &#039;10.0&#039;, java.version: &#039;1.8.0_111&#039;
Driver info: org.openqa.selenium.firefox.FirefoxDriver
Capabilities [{moz:profile=C:\Users\SUNILR~1\AppData\Local\Temp\rust_mozprofile.MJ9ndMRdBgqm, rotatable=false, timeouts={implicit=0.0, pageLoad=300000.0, script=30000.0}, pageLoadStrategy=normal, platform=ANY, specificationLevel=0.0, moz:accessibilityChecks=false, acceptInsecureCerts=false, browserVersion=54.0.1, platformVersion=10.0, moz:processID=4128.0, browserName=firefox, javascriptEnabled=true, platformName=windows_nt}]
Session ID: 98819a18-20b3-47ee-80af-3a239ece7f93">
      <![CDATA[java.lang.AssertionError: >>>> Execption from Click >>>> 
Build info: version: '3.4.0', revision: 'unknown', time: 'unknown'
System info: host: 'SUNIL', ip: '192.168.56.1', os.name: 'Windows 10', os.arch: 'amd64', os.version: '10.0', java.version: '1.8.0_111'
Driver info: org.openqa.selenium.firefox.FirefoxDriver
Capabilities [{moz:profile=C:\Users\SUNILR~1\AppData\Local\Temp\rust_mozprofile.MJ9ndMRdBgqm, rotatable=false, timeouts={implicit=0.0, pageLoad=300000.0, script=30000.0}, pageLoadStrategy=normal, platform=ANY, specificationLevel=0.0, moz:accessibilityChecks=false, acceptInsecureCerts=false, browserVersion=54.0.1, platformVersion=10.0, moz:processID=4128.0, browserName=firefox, javascriptEnabled=true, platformName=windows_nt}]
Session ID: 98819a18-20b3-47ee-80af-3a239ece7f93
	at org.testng.Assert.fail(Assert.java:94)
	at com.org.hybrid.GenericKeywords.reportFail(GenericKeywords.java:194)
	at com.org.hybrid.testcases.GoogleTest.googleSearch(GoogleTest.java:41)
	at sun.reflect.NativeMethodAccessorImpl.invoke0(Native Method)
	at sun.reflect.NativeMethodAccessorImpl.invoke(Unknown Source)
	at sun.reflect.DelegatingMethodAccessorImpl.invoke(Unknown Source)
	at java.lang.reflect.Method.invoke(Unknown Source)
	at org.testng.internal.MethodInvocationHelper.invokeMethod(MethodInvocationHelper.java:84)
	at org.testng.internal.Invoker.invokeMethod(Invoker.java:714)
	at org.testng.internal.Invoker.invokeTestMethod(Invoker.java:901)
	at org.testng.internal.Invoker.invokeTestMethods(Invoker.java:1231)
	at org.testng.internal.TestMethodWorker.invokeTestMethods(TestMethodWorker.java:127)
	at org.testng.internal.TestMethodWorker.run(TestMethodWorker.java:111)
	at org.testng.TestRunner.privateRun(TestRunner.java:767)
	at org.testng.TestRunner.run(TestRunner.java:617)
	at org.testng.SuiteRunner.runTest(SuiteRunner.java:334)
	at org.testng.SuiteRunner.runSequentially(SuiteRunner.java:329)
	at org.testng.SuiteRunner.privateRun(SuiteRunner.java:291)
	at org.testng.SuiteRunner.run(SuiteRunner.java:240)
	at org.testng.SuiteRunnerWorker.runSuite(SuiteRunnerWorker.java:52)
	at org.testng.SuiteRunnerWorker.run(SuiteRunnerWorker.java:86)
	at org.testng.TestNG.runSuitesSequentially(TestNG.java:1224)
	at org.testng.TestNG.runSuitesLocally(TestNG.java:1149)
	at org.testng.TestNG.run(TestNG.java:1057)
	at org.testng.remote.RemoteTestNG.run(RemoteTestNG.java:111)
	at org.testng.remote.RemoteTestNG.initAndRun(RemoteTestNG.java:204)
	at org.testng.remote.RemoteTestNG.main(RemoteTestNG.java:175)
]]>
    </error>
  </testcase> <!-- googleSearch -->
</testsuite> <!-- com.org.hybrid.testcases.GoogleTest -->
