<?xml version="1.0" encoding="UTF-8"?>
<testng-results skipped="0" failed="1" total="5" passed="4">
  <reporter-output>
  </reporter-output>
  <suite name="Default suite" duration-ms="25314" started-at="2017-07-14T01:50:50Z" finished-at="2017-07-14T01:51:16Z">
    <groups>
    </groups>
    <test name="Default test" duration-ms="25314" started-at="2017-07-14T01:50:50Z" finished-at="2017-07-14T01:51:16Z">
      <class name="com.org.hybrid.testcases.GoogleTest">
        <test-method status="PASS" signature="googleSearch(java.util.HashMap)[pri:0, instance:com.org.hybrid.testcases.GoogleTest@1190200a]" name="googleSearch" duration-ms="9065" started-at="2017-07-14T07:20:50Z" data-provider="getData" finished-at="2017-07-14T07:20:59Z">
          <params>
            <param index="0">
              <value>
                <![CDATA[{searchQuery=Book, Runmode=Y, browserName=Mozilla, menu=Web,Images,Videos,Maps,News,My saves, title=Sunil}]]>
              </value>
            </param>
          </params>
          <reporter-output>
          </reporter-output>
        </test-method> <!-- googleSearch -->
        <test-method status="PASS" signature="googleSearch(java.util.HashMap)[pri:0, instance:com.org.hybrid.testcases.GoogleTest@1190200a]" name="googleSearch" duration-ms="8138" started-at="2017-07-14T07:20:59Z" data-provider="getData" finished-at="2017-07-14T07:21:08Z">
          <params>
            <param index="0">
              <value>
                <![CDATA[{searchQuery=Toys, Runmode=Y, browserName=Mozilla, menu=Web,Images,Videos,Maps,News,My saves, title=RAO}]]>
              </value>
            </param>
          </params>
          <reporter-output>
          </reporter-output>
        </test-method> <!-- googleSearch -->
        <test-method status="PASS" signature="googleSearch(java.util.HashMap)[pri:0, instance:com.org.hybrid.testcases.GoogleTest@1190200a]" name="googleSearch" duration-ms="1" started-at="2017-07-14T07:21:08Z" data-provider="getData" finished-at="2017-07-14T07:21:08Z">
          <params>
            <param index="0">
              <value>
                <![CDATA[{searchQuery=Movies, Runmode=N, browserName=Chrome, menu=, title=}]]>
              </value>
            </param>
          </params>
          <reporter-output>
          </reporter-output>
        </test-method> <!-- googleSearch -->
        <test-method status="FAIL" signature="googleSearch(java.util.HashMap)[pri:0, instance:com.org.hybrid.testcases.GoogleTest@1190200a]" name="googleSearch" duration-ms="7726" started-at="2017-07-14T07:21:08Z" data-provider="getData" finished-at="2017-07-14T07:21:15Z">
          <params>
            <param index="0">
              <value>
                <![CDATA[{searchQuery=Games, Runmode=Y, browserName=Mozilla, menu=Web,Images,Videos,Maps,News,My saves, title=Govinda}]]>
              </value>
            </param>
          </params>
          <exception class="java.lang.AssertionError">
            <message>
              <![CDATA[>>>> Execption from Click >>>> 
Build info: version: '3.4.0', revision: 'unknown', time: 'unknown'
System info: host: 'SUNIL', ip: '192.168.56.1', os.name: 'Windows 10', os.arch: 'amd64', os.version: '10.0', java.version: '1.8.0_111'
Driver info: org.openqa.selenium.firefox.FirefoxDriver
Capabilities [{moz:profile=C:\Users\SUNILR~1\AppData\Local\Temp\rust_mozprofile.MJ9ndMRdBgqm, rotatable=false, timeouts={implicit=0.0, pageLoad=300000.0, script=30000.0}, pageLoadStrategy=normal, platform=ANY, specificationLevel=0.0, moz:accessibilityChecks=false, acceptInsecureCerts=false, browserVersion=54.0.1, platformVersion=10.0, moz:processID=4128.0, browserName=firefox, javascriptEnabled=true, platformName=windows_nt}]
Session ID: 98819a18-20b3-47ee-80af-3a239ece7f93]]>
            </message>
            <full-stacktrace>
              <![CDATA[java.lang.AssertionError: >>>> Execption from Click >>>> 
Build info: version: '3.4.0', revision: 'unknown', time: 'unknown'
System info: host: 'SUNIL', ip: '192.168.56.1', os.name: 'Windows 10', os.arch: 'amd64', os.version: '10.0', java.version: '1.8.0_111'
Driver info: org.openqa.selenium.firefox.FirefoxDriver
Capabilities [{moz:profile=C:\Users\SUNILR~1\AppData\Local\Temp\rust_mozprofile.MJ9ndMRdBgqm, rotatable=false, timeouts={implicit=0.0, pageLoad=300000.0, script=30000.0}, pageLoadStrategy=normal, platform=ANY, specificationLevel=0.0, moz:accessibilityChecks=false, acceptInsecureCerts=false, browserVersion=54.0.1, platformVersion=10.0, moz:processID=4128.0, browserName=firefox, javascriptEnabled=true, platformName=windows_nt}]
Session ID: 98819a18-20b3-47ee-80af-3a239ece7f93
	at org.testng.Assert.fail(Assert.java:94)
	at com.org.hybrid.GenericKeywords.reportFail(GenericKeywords.java:194)
	at com.org.hybrid.testcases.GoogleTest.googleSearch(GoogleTest.java:41)
	at sun.reflect.NativeMethodAccessorImpl.invoke0(Native Method)
	at sun.reflect.NativeMethodAccessorImpl.invoke(Unknown Source)
	at sun.reflect.DelegatingMethodAccessorImpl.invoke(Unknown Source)
	at java.lang.reflect.Method.invoke(Unknown Source)
	at org.testng.internal.MethodInvocationHelper.invokeMethod(MethodInvocationHelper.java:84)
	at org.testng.internal.Invoker.invokeMethod(Invoker.java:714)
	at org.testng.internal.Invoker.invokeTestMethod(Invoker.java:901)
	at org.testng.internal.Invoker.invokeTestMethods(Invoker.java:1231)
	at org.testng.internal.TestMethodWorker.invokeTestMethods(TestMethodWorker.java:127)
	at org.testng.internal.TestMethodWorker.run(TestMethodWorker.java:111)
	at org.testng.TestRunner.privateRun(TestRunner.java:767)
	at org.testng.TestRunner.run(TestRunner.java:617)
	at org.testng.SuiteRunner.runTest(SuiteRunner.java:334)
	at org.testng.SuiteRunner.runSequentially(SuiteRunner.java:329)
	at org.testng.SuiteRunner.privateRun(SuiteRunner.java:291)
	at org.testng.SuiteRunner.run(SuiteRunner.java:240)
	at org.testng.SuiteRunnerWorker.runSuite(SuiteRunnerWorker.java:52)
	at org.testng.SuiteRunnerWorker.run(SuiteRunnerWorker.java:86)
	at org.testng.TestNG.runSuitesSequentially(TestNG.java:1224)
	at org.testng.TestNG.runSuitesLocally(TestNG.java:1149)
	at org.testng.TestNG.run(TestNG.java:1057)
	at org.testng.remote.RemoteTestNG.run(RemoteTestNG.java:111)
	at org.testng.remote.RemoteTestNG.initAndRun(RemoteTestNG.java:204)
	at org.testng.remote.RemoteTestNG.main(RemoteTestNG.java:175)
]]>
            </full-stacktrace>
          </exception> <!-- java.lang.AssertionError -->
          <reporter-output>
          </reporter-output>
        </test-method> <!-- googleSearch -->
        <test-method status="PASS" signature="googleSearch(java.util.HashMap)[pri:0, instance:com.org.hybrid.testcases.GoogleTest@1190200a]" name="googleSearch" duration-ms="1" started-at="2017-07-14T07:21:15Z" data-provider="getData" finished-at="2017-07-14T07:21:15Z">
          <params>
            <param index="0">
              <value>
                <![CDATA[{searchQuery=Spiderman, Runmode=N, browserName=Chrome, menu=, title=}]]>
              </value>
            </param>
          </params>
          <reporter-output>
          </reporter-output>
        </test-method> <!-- googleSearch -->
        <test-method status="PASS" signature="tearDown()[pri:0, instance:com.org.hybrid.testcases.GoogleTest@1190200a]" name="tearDown" is-config="true" duration-ms="340" started-at="2017-07-14T07:21:15Z" finished-at="2017-07-14T07:21:16Z">
          <reporter-output>
          </reporter-output>
        </test-method> <!-- tearDown -->
      </class> <!-- com.org.hybrid.testcases.GoogleTest -->
    </test> <!-- Default test -->
  </suite> <!-- Default suite -->
</testng-results>
